<?xml version="1.0" encoding="UTF-8"?>
<!-- Generated by org.testng.reporters.JUnitReportReporter -->
<testsuite hostname="LAPTOP-83G8IR29" failures="0" tests="3" name="ManuAcademy.StandAloneTestFormated" time="45.102" errors="0" timestamp="2024-07-24T23:11:37 IST" skipped="0">
  <testcase classname="ManuAcademy.StandAloneTestFormated" name="SubmitOrder" time="14.850"/>
  <testcase classname="ManuAcademy.StandAloneTestFormated" name="verifyOrderPresent" time="9.339"/>
  <testcase classname="ManuAcademy.StandAloneTestFormated" name="SubmitOrder" time="20.913"/>
</testsuite> <!-- ManuAcademy.StandAloneTestFormated -->
